# JRE version: OpenJDK Runtime Environment Temurin-21.0.6+7 (21.0.6+7) (build 21.0.6+7-LTS)
# Java VM: OpenJDK 64-Bit Server VM Temurin-21.0.6+7 (21.0.6+7-LTS, mixed mode, emulated-client, sharing, tiered, compressed oops, compressed class ptrs, g1 gc, windows-amd64)
GC Precious Log:
 CardTable entry size: 512
 Card Set container configuration: InlinePtr #cards 5 size 8 Array Of Cards #cards 12 size 40 Howl #buckets 4 coarsen threshold 1843 Howl Bitmap #cards 512 size 80 coarsen threshold 460 Card regions per heap region 1 cards per card region 2048
 CPUs: 4 total, 4 available
 Memory: 7835M
 Large Page Support: Disabled
 NUMA Support: Disabled
 Compressed Oops: Enabled (32-bit)
 Heap Region Size: 1M
 Heap Min Capacity: 8M
 Heap Initial Capacity: 124M
 Heap Max Capacity: 1960M
 Pre-touch: Disabled
 Parallel Workers: 4
 Concurrent Workers: 1
 Concurrent Refinement Workers: 4
 Periodic GC: Disabled
Heap:
 garbage-first heap   total 92160K, used 49405K [0x0000000085800000, 0x0000000100000000)
  region size 1024K, 3 young (3072K), 3 survivors (3072K)
 Metaspace       used 70309K, committed 71040K, reserved 1114112K
  class space    used 10256K, committed 10560K, reserved 1048576K
GC Heap History (20 events):
Event: 7.457 GC heap after
{Heap after GC invocations=15 (full 0):
 garbage-first heap   total 66560K, used 31698K [0x0000000085800000, 0x0000000100000000)
  region size 1024K, 2 young (2048K), 2 survivors (2048K)
 Metaspace       used 59685K, committed 60416K, reserved 1114112K
  class space    used 8433K, committed 8768K, reserved 1048576K
}
Event: 8.302 GC heap before
{Heap before GC invocations=16 (full 0):
 garbage-first heap   total 66560K, used 59346K [0x0000000085800000, 0x0000000100000000)
  region size 1024K, 29 young (29696K), 2 survivors (2048K)
 Metaspace       used 63865K, committed 64512K, reserved 1114112K
  class space    used 9060K, committed 9344K, reserved 1048576K
}
Event: 8.307 GC heap after
{Heap after GC invocations=17 (full 0):
 garbage-first heap   total 66560K, used 33872K [0x0000000085800000, 0x0000000100000000)
  region size 1024K, 4 young (4096K), 4 survivors (4096K)
 Metaspace       used 63865K, committed 64512K, reserved 1114112K
  class space    used 9060K, committed 9344K, reserved 1048576K
}
Event: 8.734 GC heap before
{Heap before GC invocations=17 (full 0):
 garbage-first heap   total 66560K, used 56400K [0x0000000085800000, 0x0000000100000000)
  region size 1024K, 27 young (27648K), 4 survivors (4096K)
 Metaspace       used 67053K, committed 67840K, reserved 1114112K
  class space    used 9656K, committed 9984K, reserved 1048576K
}
Event: 8.741 GC heap after
{Heap after GC invocations=18 (full 0):
 garbage-first heap   total 66560K, used 35856K [0x0000000085800000, 0x0000000100000000)
  region size 1024K, 3 young (3072K), 3 survivors (3072K)
 Metaspace       used 67053K, committed 67840K, reserved 1114112K
  class space    used 9656K, committed 9984K, reserved 1048576K
}
Event: 8.800 GC heap before
{Heap before GC invocations=18 (full 0):
 garbage-first heap   total 66560K, used 58384K [0x0000000085800000, 0x0000000100000000)
  region size 1024K, 25 young (25600K), 3 survivors (3072K)
 Metaspace       used 67085K, committed 67840K, reserved 1114112K
  class space    used 9661K, committed 9984K, reserved 1048576K
}
Event: 8.803 GC heap after
{Heap after GC invocations=19 (full 0):
 garbage-first heap   total 66560K, used 36034K [0x0000000085800000, 0x0000000100000000)
  region size 1024K, 3 young (3072K), 3 survivors (3072K)
 Metaspace       used 67085K, committed 67840K, reserved 1114112K
  class space    used 9661K, committed 9984K, reserved 1048576K
}
Event: 8.892 GC heap before
{Heap before GC invocations=20 (full 0):
 garbage-first heap   total 66560K, used 58562K [0x0000000085800000, 0x0000000100000000)
  region size 1024K, 25 young (25600K), 3 survivors (3072K)
 Metaspace       used 67086K, committed 67840K, reserved 1114112K
  class space    used 9661K, committed 9984K, reserved 1048576K
}
Event: 8.896 GC heap after
{Heap after GC invocations=21 (full 0):
 garbage-first heap   total 66560K, used 36484K [0x0000000085800000, 0x0000000100000000)
  region size 1024K, 1 young (1024K), 1 survivors (1024K)
 Metaspace       used 67086K, committed 67840K, reserved 1114112K
  class space    used 9661K, committed 9984K, reserved 1048576K
}
Event: 9.184 GC heap before
{Heap before GC invocations=21 (full 0):
 garbage-first heap   total 66560K, used 60036K [0x0000000085800000, 0x0000000100000000)
  region size 1024K, 25 young (25600K), 1 survivors (1024K)
 Metaspace       used 68774K, committed 69504K, reserved 1114112K
  class space    used 10038K, committed 10368K, reserved 1048576K
}
Event: 9.264 GC heap after
{Heap after GC invocations=22 (full 0):
 garbage-first heap   total 84992K, used 43540K [0x0000000085800000, 0x0000000100000000)
  region size 1024K, 4 young (4096K), 4 survivors (4096K)
 Metaspace       used 68774K, committed 69504K, reserved 1114112K
  class space    used 10038K, committed 10368K, reserved 1048576K
}
Event: 9.351 GC heap before
{Heap before GC invocations=22 (full 0):
 garbage-first heap   total 84992K, used 73236K [0x0000000085800000, 0x0000000100000000)
  region size 1024K, 33 young (33792K), 4 survivors (4096K)
 Metaspace       used 68778K, committed 69568K, reserved 1114112K
  class space    used 10038K, committed 10368K, reserved 1048576K
}
Event: 9.360 GC heap after
{Heap after GC invocations=23 (full 0):
 garbage-first heap   total 84992K, used 49801K [0x0000000085800000, 0x0000000100000000)
  region size 1024K, 5 young (5120K), 5 survivors (5120K)
 Metaspace       used 68778K, committed 69568K, reserved 1114112K
  class space    used 10038K, committed 10368K, reserved 1048576K
}
Event: 9.409 GC heap before
{Heap before GC invocations=23 (full 0):
 garbage-first heap   total 84992K, used 73353K [0x0000000085800000, 0x0000000100000000)
  region size 1024K, 28 young (28672K), 5 survivors (5120K)
 Metaspace       used 68779K, committed 69568K, reserved 1114112K
  class space    used 10038K, committed 10368K, reserved 1048576K
}
Event: 9.418 GC heap after
{Heap after GC invocations=24 (full 0):
 garbage-first heap   total 84992K, used 56085K [0x0000000085800000, 0x0000000100000000)
  region size 1024K, 4 young (4096K), 4 survivors (4096K)
 Metaspace       used 68779K, committed 69568K, reserved 1114112K
  class space    used 10038K, committed 10368K, reserved 1048576K
}
Event: 9.459 GC heap before
{Heap before GC invocations=24 (full 0):
 garbage-first heap   total 84992K, used 74517K [0x0000000085800000, 0x0000000100000000)
  region size 1024K, 22 young (22528K), 4 survivors (4096K)
 Metaspace       used 68780K, committed 69568K, reserved 1114112K
  class space    used 10038K, committed 10368K, reserved 1048576K
}
Event: 9.464 GC heap after
{Heap after GC invocations=25 (full 0):
 garbage-first heap   total 84992K, used 57622K [0x0000000085800000, 0x0000000100000000)
  region size 1024K, 2 young (2048K), 2 survivors (2048K)
 Metaspace       used 68780K, committed 69568K, reserved 1114112K
  class space    used 10038K, committed 10368K, reserved 1048576K
}
Event: 9.622 GC heap before
{Heap before GC invocations=26 (full 0):
 garbage-first heap   total 92160K, used 69910K [0x0000000085800000, 0x0000000100000000)
  region size 1024K, 19 young (19456K), 2 survivors (2048K)
 Metaspace       used 69593K, committed 70336K, reserved 1114112K
  class space    used 10169K, committed 10496K, reserved 1048576K
}
Event: 9.623 GC heap after
{Heap after GC invocations=27 (full 0):
 garbage-first heap   total 92160K, used 52807K [0x0000000085800000, 0x0000000100000000)
  region size 1024K, 1 young (1024K), 1 survivors (1024K)
 Metaspace       used 69593K, committed 70336K, reserved 1114112K
  class space    used 10169K, committed 10496K, reserved 1048576K
}
Event: 9.757 GC heap before
{Heap before GC invocations=27 (full 0):
 garbage-first heap   total 92160K, used 79431K [0x0000000085800000, 0x0000000100000000)
  region size 1024K, 27 young (27648K), 1 survivors (1024K)
 Metaspace       used 70309K, committed 71040K, reserved 1114112K
  class space    used 10256K, committed 10560K, reserved 1048576K
}

