# JRE version: OpenJDK Runtime Environment Temurin-21.0.6+7 (21.0.6+7) (build 21.0.6+7-LTS)
# Java VM: OpenJDK 64-Bit Server VM Temurin-21.0.6+7 (21.0.6+7-LTS, mixed mode, emulated-client, sharing, tiered, compressed oops, compressed class ptrs, g1 gc, windows-amd64)
GC Precious Log:
 CardTable entry size: 512
 Card Set container configuration: InlinePtr #cards 5 size 8 Array Of Cards #cards 12 size 40 Howl #buckets 4 coarsen threshold 1843 Howl Bitmap #cards 512 size 80 coarsen threshold 460 Card regions per heap region 1 cards per card region 2048
 CPUs: 4 total, 4 available
 Memory: 7835M
 Large Page Support: Disabled
 NUMA Support: Disabled
 Compressed Oops: Enabled (32-bit)
 Heap Region Size: 1M
 Heap Min Capacity: 8M
 Heap Initial Capacity: 124M
 Heap Max Capacity: 1960M
 Pre-touch: Disabled
 Parallel Workers: 4
 Concurrent Workers: 1
 Concurrent Refinement Workers: 4
 Periodic GC: Disabled
Heap:
 garbage-first heap   total 66560K, used 58837K [0x0000000085800000, 0x0000000100000000)
  region size 1024K, 25 young (25600K), 3 survivors (3072K)
 Metaspace       used 68768K, committed 69504K, reserved 1114112K
  class space    used 10036K, committed 10368K, reserved 1048576K
GC Heap History (20 events):
Event: 5.748 GC heap after
{Heap after GC invocations=10 (full 0):
 garbage-first heap   total 55296K, used 25362K [0x0000000085800000, 0x0000000100000000)
  region size 1024K, 2 young (2048K), 2 survivors (2048K)
 Metaspace       used 35491K, committed 36096K, reserved 1114112K
  class space    used 4899K, committed 5184K, reserved 1048576K
}
Event: 6.655 GC heap before
{Heap before GC invocations=11 (full 0):
 garbage-first heap   total 55296K, used 46866K [0x0000000085800000, 0x0000000100000000)
  region size 1024K, 23 young (23552K), 2 survivors (2048K)
 Metaspace       used 40879K, committed 41536K, reserved 1114112K
  class space    used 5792K, committed 6080K, reserved 1048576K
}
Event: 6.660 GC heap after
{Heap after GC invocations=12 (full 0):
 garbage-first heap   total 55296K, used 26491K [0x0000000085800000, 0x0000000100000000)
  region size 1024K, 3 young (3072K), 3 survivors (3072K)
 Metaspace       used 40879K, committed 41536K, reserved 1114112K
  class space    used 5792K, committed 6080K, reserved 1048576K
}
Event: 7.456 GC heap before
{Heap before GC invocations=12 (full 0):
 garbage-first heap   total 55296K, used 46971K [0x0000000085800000, 0x0000000100000000)
  region size 1024K, 23 young (23552K), 3 survivors (3072K)
 Metaspace       used 46618K, committed 47232K, reserved 1114112K
  class space    used 6486K, committed 6784K, reserved 1048576K
}
Event: 7.464 GC heap after
{Heap after GC invocations=13 (full 0):
 garbage-first heap   total 55296K, used 28217K [0x0000000085800000, 0x0000000100000000)
  region size 1024K, 3 young (3072K), 3 survivors (3072K)
 Metaspace       used 46618K, committed 47232K, reserved 1114112K
  class space    used 6486K, committed 6784K, reserved 1048576K
}
Event: 7.950 GC heap before
{Heap before GC invocations=13 (full 0):
 garbage-first heap   total 55296K, used 47673K [0x0000000085800000, 0x0000000100000000)
  region size 1024K, 22 young (22528K), 3 survivors (3072K)
 Metaspace       used 50257K, committed 50880K, reserved 1114112K
  class space    used 6951K, committed 7232K, reserved 1048576K
}
Event: 7.968 GC heap after
{Heap after GC invocations=14 (full 0):
 garbage-first heap   total 66560K, used 29916K [0x0000000085800000, 0x0000000100000000)
  region size 1024K, 2 young (2048K), 2 survivors (2048K)
 Metaspace       used 50257K, committed 50880K, reserved 1114112K
  class space    used 6951K, committed 7232K, reserved 1048576K
}
Event: 8.726 GC heap before
{Heap before GC invocations=15 (full 0):
 garbage-first heap   total 66560K, used 56540K [0x0000000085800000, 0x0000000100000000)
  region size 1024K, 29 young (29696K), 2 survivors (2048K)
 Metaspace       used 56887K, committed 57536K, reserved 1114112K
  class space    used 8035K, committed 8320K, reserved 1048576K
}
Event: 8.729 GC heap after
{Heap after GC invocations=16 (full 0):
 garbage-first heap   total 66560K, used 30785K [0x0000000085800000, 0x0000000100000000)
  region size 1024K, 3 young (3072K), 3 survivors (3072K)
 Metaspace       used 56887K, committed 57536K, reserved 1114112K
  class space    used 8035K, committed 8320K, reserved 1048576K
}
Event: 9.168 GC heap before
{Heap before GC invocations=16 (full 0):
 garbage-first heap   total 66560K, used 58433K [0x0000000085800000, 0x0000000100000000)
  region size 1024K, 30 young (30720K), 3 survivors (3072K)
 Metaspace       used 60316K, committed 61056K, reserved 1114112K
  class space    used 8562K, committed 8896K, reserved 1048576K
}
Event: 9.173 GC heap after
{Heap after GC invocations=17 (full 0):
 garbage-first heap   total 66560K, used 31346K [0x0000000085800000, 0x0000000100000000)
  region size 1024K, 2 young (2048K), 2 survivors (2048K)
 Metaspace       used 60316K, committed 61056K, reserved 1114112K
  class space    used 8562K, committed 8896K, reserved 1048576K
}
Event: 10.110 GC heap before
{Heap before GC invocations=17 (full 0):
 garbage-first heap   total 66560K, used 60018K [0x0000000085800000, 0x0000000100000000)
  region size 1024K, 30 young (30720K), 2 survivors (2048K)
 Metaspace       used 64780K, committed 65472K, reserved 1114112K
  class space    used 9159K, committed 9472K, reserved 1048576K
}
Event: 10.115 GC heap after
{Heap after GC invocations=18 (full 0):
 garbage-first heap   total 66560K, used 33553K [0x0000000085800000, 0x0000000100000000)
  region size 1024K, 4 young (4096K), 4 survivors (4096K)
 Metaspace       used 64780K, committed 65472K, reserved 1114112K
  class space    used 9159K, committed 9472K, reserved 1048576K
}
Event: 10.500 GC heap before
{Heap before GC invocations=18 (full 0):
 garbage-first heap   total 66560K, used 57105K [0x0000000085800000, 0x0000000100000000)
  region size 1024K, 27 young (27648K), 4 survivors (4096K)
 Metaspace       used 67338K, committed 68096K, reserved 1114112K
  class space    used 9661K, committed 9984K, reserved 1048576K
}
Event: 10.507 GC heap after
{Heap after GC invocations=19 (full 0):
 garbage-first heap   total 66560K, used 35358K [0x0000000085800000, 0x0000000100000000)
  region size 1024K, 2 young (2048K), 2 survivors (2048K)
 Metaspace       used 67338K, committed 68096K, reserved 1114112K
  class space    used 9661K, committed 9984K, reserved 1048576K
}
Event: 10.593 GC heap before
{Heap before GC invocations=20 (full 0):
 garbage-first heap   total 66560K, used 59934K [0x0000000085800000, 0x0000000100000000)
  region size 1024K, 26 young (26624K), 2 survivors (2048K)
 Metaspace       used 67346K, committed 68096K, reserved 1114112K
  class space    used 9661K, committed 9984K, reserved 1048576K
}
Event: 10.596 GC heap after
{Heap after GC invocations=21 (full 0):
 garbage-first heap   total 66560K, used 36464K [0x0000000085800000, 0x0000000100000000)
  region size 1024K, 3 young (3072K), 3 survivors (3072K)
 Metaspace       used 67346K, committed 68096K, reserved 1114112K
  class space    used 9661K, committed 9984K, reserved 1048576K
}
Event: 10.760 GC heap before
{Heap before GC invocations=21 (full 0):
 garbage-first heap   total 66560K, used 57968K [0x0000000085800000, 0x0000000100000000)
  region size 1024K, 25 young (25600K), 3 survivors (3072K)
 Metaspace       used 68588K, committed 69312K, reserved 1114112K
  class space    used 9991K, committed 10304K, reserved 1048576K
}
Event: 10.764 GC heap after
{Heap after GC invocations=22 (full 0):
 garbage-first heap   total 66560K, used 36309K [0x0000000085800000, 0x0000000100000000)
  region size 1024K, 2 young (2048K), 2 survivors (2048K)
 Metaspace       used 68588K, committed 69312K, reserved 1114112K
  class space    used 9991K, committed 10304K, reserved 1048576K
}
Event: 10.858 GC heap before
{Heap before GC invocations=22 (full 0):
 garbage-first heap   total 66560K, used 58837K [0x0000000085800000, 0x0000000100000000)
  region size 1024K, 24 young (24576K), 2 survivors (2048K)
 Metaspace       used 68768K, committed 69504K, reserved 1114112K
  class space    used 10036K, committed 10368K, reserved 1048576K
}

